<?xml version="1.0" encoding="UTF-8"?>
<testng-results ignored="0" total="2" passed="2" failed="0" skipped="0">
  <reporter-output>
  </reporter-output>
  <suite started-at="2023-08-31T15:36:30 IST" name="UploadTestSuite" finished-at="2023-08-31T15:37:32 IST" duration-ms="61655">
    <groups>
    </groups>
    <test started-at="2023-08-31T15:36:30 IST" name="UploadTests" finished-at="2023-08-31T15:37:32 IST" duration-ms="61655">
      <class name="com.herokuapp.theinternet.uploadtests.UploadTests">
        <test-method is-config="true" signature="setUp(java.lang.String,org.testng.ITestContext)[pri:0, instance:com.herokuapp.theinternet.uploadtests.UploadTests@5c6648b0]" started-at="2023-08-31T15:36:30 IST" name="setUp" finished-at="2023-08-31T15:37:11 IST" duration-ms="40956" status="PASS">
          <params>
            <param index="0">
              <value>
                <![CDATA[chrome]]>
              </value>
            </param>
            <param index="1">
              <value>
                <![CDATA[org.testng.TestRunner@136965e3]]>
              </value>
            </param>
          </params>
          <reporter-output>
          </reporter-output>
        </test-method> <!-- setUp -->
        <test-method signature="fileUploadTest(int,java.lang.String)[pri:0, instance:com.herokuapp.theinternet.uploadtests.UploadTests@5c6648b0]" started-at="2023-08-31T15:37:11 IST" name="fileUploadTest" data-provider="files" finished-at="2023-08-31T15:37:18 IST" duration-ms="6671" status="PASS">
          <params>
            <param index="0">
              <value>
                <![CDATA[1]]>
              </value>
            </param>
            <param index="1">
              <value>
                <![CDATA[logo.png]]>
              </value>
            </param>
          </params>
          <reporter-output>
          </reporter-output>
        </test-method> <!-- fileUploadTest -->
        <test-method is-config="true" signature="tearDown()[pri:0, instance:com.herokuapp.theinternet.uploadtests.UploadTests@5c6648b0]" started-at="2023-08-31T15:37:18 IST" name="tearDown" finished-at="2023-08-31T15:37:19 IST" duration-ms="615" status="PASS">
          <reporter-output>
          </reporter-output>
        </test-method> <!-- tearDown -->
        <test-method is-config="true" signature="setUp(java.lang.String,org.testng.ITestContext)[pri:0, instance:com.herokuapp.theinternet.uploadtests.UploadTests@5c6648b0]" started-at="2023-08-31T15:37:19 IST" name="setUp" finished-at="2023-08-31T15:37:25 IST" duration-ms="5816" status="PASS">
          <params>
            <param index="0">
              <value>
                <![CDATA[chrome]]>
              </value>
            </param>
            <param index="1">
              <value>
                <![CDATA[org.testng.TestRunner@136965e3]]>
              </value>
            </param>
          </params>
          <reporter-output>
          </reporter-output>
        </test-method> <!-- setUp -->
        <test-method signature="fileUploadTest(int,java.lang.String)[pri:0, instance:com.herokuapp.theinternet.uploadtests.UploadTests@5c6648b0]" started-at="2023-08-31T15:37:25 IST" name="fileUploadTest" data-provider="files" finished-at="2023-08-31T15:37:32 IST" duration-ms="6989" status="PASS">
          <params>
            <param index="0">
              <value>
                <![CDATA[2]]>
              </value>
            </param>
            <param index="1">
              <value>
                <![CDATA[logo1.jpg]]>
              </value>
            </param>
          </params>
          <reporter-output>
          </reporter-output>
        </test-method> <!-- fileUploadTest -->
        <test-method is-config="true" signature="tearDown()[pri:0, instance:com.herokuapp.theinternet.uploadtests.UploadTests@5c6648b0]" started-at="2023-08-31T15:37:32 IST" name="tearDown" finished-at="2023-08-31T15:37:32 IST" duration-ms="427" status="PASS">
          <reporter-output>
          </reporter-output>
        </test-method> <!-- tearDown -->
      </class> <!-- com.herokuapp.theinternet.uploadtests.UploadTests -->
    </test> <!-- UploadTests -->
  </suite> <!-- UploadTestSuite -->
</testng-results>
